d:\00. 경일게임 아카데미\손수정\2021. 3월\210329 수업\210317_winapi\x64\debug\vc142.pdb
d:\00. 경일게임 아카데미\손수정\2021. 3월\210329 수업\210317_winapi\x64\debug\vc142.idb
d:\00. 경일게임 아카데미\손수정\2021. 3월\210329 수업\210317_winapi\x64\debug\tank.obj
d:\00. 경일게임 아카데미\손수정\2021. 3월\210329 수업\210317_winapi\x64\debug\missile.obj
d:\00. 경일게임 아카데미\손수정\2021. 3월\210329 수업\210317_winapi\x64\debug\maingame.obj
d:\00. 경일게임 아카데미\손수정\2021. 3월\210329 수업\210317_winapi\x64\debug\main.obj
d:\00. 경일게임 아카데미\손수정\2021. 3월\210329 수업\210317_winapi\x64\debug\gamenode.obj
d:\00. 경일게임 아카데미\손수정\2021. 3월\210329 수업\210317_winapi\x64\debug\enemy.obj
c:\users\user\downloads\210330 수업\210317_winapi\x64\debug\vc142.pdb
c:\users\user\downloads\210330 수업\210317_winapi\x64\debug\vc142.idb
c:\users\user\downloads\210330 수업\210317_winapi\x64\debug\maingame.obj
c:\users\user\downloads\210330 수업\210317_winapi\x64\debug\keymanager.obj
d:\00. 경일게임 아카데미\손수정\2021. 3월\210329 수업\x64\debug\210317_winapi.exe
d:\00. 경일게임 아카데미\손수정\2021. 3월\210329 수업\x64\debug\210317_winapi.ilk
d:\00. 경일게임 아카데미\손수정\2021. 3월\210329 수업\x64\debug\210317_winapi.pdb
c:\users\user\downloads\210330 수업\x64\debug\210317_winapi.exe
c:\users\user\downloads\210330 수업\x64\debug\210317_winapi.ilk
c:\users\user\downloads\210330 수업\x64\debug\210317_winapi.pdb
c:\users\user\downloads\210330 수업\210317_winapi\x64\debug\enemy.obj
c:\users\user\downloads\210330 수업\210317_winapi\x64\debug\gamenode.obj
c:\users\user\downloads\210330 수업\210317_winapi\x64\debug\main.obj
c:\users\user\downloads\210330 수업\210317_winapi\x64\debug\missile.obj
c:\users\user\downloads\210330 수업\210317_winapi\x64\debug\tank.obj
c:\users\user\downloads\210330 수업\210317_winapi\x64\debug\maingame.obj.enc
c:\users\user\downloads\210330 수업\210317_winapi\x64\debug\210317_winapi.tlog\cl.command.1.tlog
c:\users\user\downloads\210330 수업\210317_winapi\x64\debug\210317_winapi.tlog\cl.read.1.tlog
c:\users\user\downloads\210330 수업\210317_winapi\x64\debug\210317_winapi.tlog\cl.write.1.tlog
c:\users\user\downloads\210330 수업\210317_winapi\x64\debug\210317_winapi.tlog\link.command.1.tlog
c:\users\user\downloads\210330 수업\210317_winapi\x64\debug\210317_winapi.tlog\link.read.1.tlog
c:\users\user\downloads\210330 수업\210317_winapi\x64\debug\210317_winapi.tlog\link.write.1.tlog
